<?xml version="1.0" encoding="UTF-8"?>
<!-- Generated by org.testng.reporters.JUnitXMLReporter -->
<testsuite ignored="0" hostname="MR-CHAPAI" failures="2" tests="13" name="Test" time="0.138" errors="0" timestamp="2024-06-04T20:59:38 CDT">
  <testcase classname="testng.util.BrowserFactory" name="test1" time="0.014"/>
  <testcase classname="testng.util.BrowserFactory" name="test2" time="0.012">
    <skipped/>
  </testcase> <!-- test2 -->
  <testcase classname="testng.util.BrowserFactory" name="test2" time="0.002">
    <skipped/>
  </testcase> <!-- test2 -->
  <testcase classname="testng.util.BrowserFactory" name="test2" time="0.002">
    <skipped/>
  </testcase> <!-- test2 -->
  <testcase classname="testng.util.BrowserFactory" name="test2" time="0.002">
    <skipped/>
  </testcase> <!-- test2 -->
  <testcase classname="testng.util.BrowserFactory" name="test2" time="0.001">
    <skipped/>
  </testcase> <!-- test2 -->
  <testcase classname="testng.util.BrowserFactory" name="test2" time="0.002">
    <failure type="java.lang.AssertionError" message="test case 2 is failed expected [true] but found [false]">
      <![CDATA[java.lang.AssertionError: test case 2 is failed expected [true] but found [false]
at testng.util.BrowserFactory.test2(BrowserFactory.java:38)
at java.base/java.util.ArrayList.forEach(ArrayList.java:1511)
... Removed 30 stack frames]]>
    </failure>
  </testcase> <!-- test2 -->
  <testcase classname="testng.util.BrowserFactory" name="test3" time="0.001">
    <skipped/>
  </testcase> <!-- test3 -->
  <testcase classname="testng.util.BrowserFactory" name="test3" time="0.002">
    <skipped/>
  </testcase> <!-- test3 -->
  <testcase classname="testng.util.BrowserFactory" name="test3" time="0.001">
    <skipped/>
  </testcase> <!-- test3 -->
  <testcase classname="testng.util.BrowserFactory" name="test3" time="0.002">
    <skipped/>
  </testcase> <!-- test3 -->
  <testcase classname="testng.util.BrowserFactory" name="test3" time="0.002">
    <skipped/>
  </testcase> <!-- test3 -->
  <testcase classname="testng.util.BrowserFactory" name="test3" time="0.001">
    <failure type="java.lang.AssertionError" message="test case 3 is failed expected [true] but found [false]">
      <![CDATA[java.lang.AssertionError: test case 3 is failed expected [true] but found [false]
at testng.util.BrowserFactory.test3(BrowserFactory.java:46)
at java.base/java.util.ArrayList.forEach(ArrayList.java:1511)
... Removed 30 stack frames]]>
    </failure>
  </testcase> <!-- test3 -->
</testsuite> <!-- Test -->
